Arguments: 
  /home/bearkiller/.nvm/versions/node/v12.18.3/bin/node /mnt/c/Users/Gil Teixeira/AppData/Roaming/npm/node_modules/yarn/bin/yarn.js start

PATH: 
  /home/bearkiller/.vscode-server/bin/e5a624b788d92b8d34d1392e4c4d9789406efe8f/bin:/home/bearkiller/.local/bin:/home/bearkiller/.nvm/versions/node/v12.18.3/bin:/usr/local/sbin:/usr/local/bin:/usr/sbin:/usr/bin:/sbin:/bin:/usr/games:/usr/local/games:/mnt/c/Program Files (x86)/Common Files/Oracle/Java/javapath:/mnt/c/WINDOWS/system32:/mnt/c/WINDOWS:/mnt/c/WINDOWS/System32/Wbem:/mnt/c/WINDOWS/System32/WindowsPowerShell/v1.0/:/mnt/c/WINDOWS/System32/OpenSSH/:/mnt/c/Program Files/Git/cmd:/mnt/c/Program Files/nodejs/:/mnt/c/Users/Gil Teixeira/AppData/Local/Microsoft/WindowsApps:/mnt/c/Users/Gil Teixeira/AppData/Local/Programs/Microsoft VS Code/bin:/mnt/c/Users/Gil Teixeira/AppData/Roaming/npm:/mnt/c/Program Files/VideoLAN/VLC:/mnt/c/Program Files/heroku/bin:/snap/bin

Yarn version: 
  1.22.10

Node version: 
  12.18.3

Platform: 
  linux x64

Trace: 
  SyntaxError: /mnt/d/dev/micrositeams/package.json: Unexpected token } in JSON at position 1093
      at JSON.parse (<anonymous>)
      at /mnt/c/Users/Gil Teixeira/AppData/Roaming/npm/node_modules/yarn/lib/cli.js:1625:59
      at Generator.next (<anonymous>)
      at step (/mnt/c/Users/Gil Teixeira/AppData/Roaming/npm/node_modules/yarn/lib/cli.js:310:30)
      at /mnt/c/Users/Gil Teixeira/AppData/Roaming/npm/node_modules/yarn/lib/cli.js:321:13

npm manifest: 
  {
      "name": "Nutrilink",
      "version": "1.1.0",
      "description": "micro-siteAMS",
      "main": "index.js",
      "repository": {
        "type": "git",
        "url": "git+https:https://github.com/bearkillerPT/micro-siteAMS.git"
      },
      "keywords": [
        "react",
        "reactjs",
        "Healthy"
      ],
      "scripts": {
          "start": "react-scripts start",
          "build": "react-scripts buildgit",
          "test": "react-scripts test",
          "eject": "react-scripts eject",
          "install:clean": "rm -rf node_modules/ && rm -rf package-lock.json && npm install && npm start",
          "compile-sass": "node-sass src/assets/scss/argon-design-system-react.scss src/assets/css/argon-design-system-react.css",
          "minify-sass": "node-sass src/assets/scss/argon-design-system-react.scss src/assets/css/argon-design-system-react.min.css --output-style compressed",
          "map-sass": "node-sass src/assets/scss/argon-design-system-react.scss src/assets/css/argon-design-system-react.css --source-map true"
        },
        "eslintConfig": {
          "extends": "react-app"
        },
  
  }

yarn manifest: 
  No manifest

Lockfile: 
  # THIS IS AN AUTOGENERATED FILE. DO NOT EDIT THIS FILE DIRECTLY.
  # yarn lockfile v1
